<?xml version="1.0" encoding="UTF-8"?>
<testsuite xmlns:xsi="http://www.w3.org/2001/XMLSchema-instance" xsi:noNamespaceSchemaLocation="https://maven.apache.org/surefire/maven-surefire-plugin/xsd/surefire-test-report-3.0.xsd" version="3.0" name="com.KafkaConsumer.Consumer.ConsumerApplicationTests" time="6.338" tests="1" errors="0" skipped="0" failures="0">
  <properties>
[...]
</properties>
  <testcase name="contextLoads" classname="com.KafkaConsumer.Consumer.ConsumerApplicationTests" time="0.93">
    <system-out><![CDATA[21:35:24.863 [main] INFO org.springframework.test.context.support.AnnotationConfigContextLoaderUtils -- Could not detect default configuration classes for test class [com.KafkaConsumer.Consumer.ConsumerApplicationTests]: ConsumerApplicationTests does not declare any static, non-private, non-final, nested classes annotated with @Configuration.
21:35:25.018 [main] INFO org.springframework.boot.test.context.SpringBootTestContextBootstrapper -- Found @SpringBootConfiguration com.KafkaConsumer.Consumer.ConsumerApplication for test class com.KafkaConsumer.Consumer.ConsumerApplicationTests

  .   ____          _            __ _ _
 /\\ / ___'_ __ _ _(_)_ __  __ _ \ \ \ \
( ( )\___ | '_ | '_| | '_ \/ _` | \ \ \ \
 \\/  ___)| |_)| | | | | || (_| |  ) ) ) )
  '  |____| .__|_| |_|_| |_\__, | / / / /
 =========|_|==============|___/=/_/_/_/
 :: Spring Boot ::       (v3.1.2-SNAPSHOT)

2023-07-06T21:35:25.665+05:30  INFO 91128 --- [           main] c.K.Consumer.ConsumerApplicationTests    : Starting ConsumerApplicationTests using Java 17.0.3 with PID 91128 (started by venkata.attala in /Users/venkata.attala/Downloads/Consumer)
2023-07-06T21:35:25.667+05:30  INFO 91128 --- [           main] c.K.Consumer.ConsumerApplicationTests    : The following 1 profile is active: "local"
2023-07-06T21:35:26.871+05:30  INFO 91128 --- [           main] .s.d.r.c.RepositoryConfigurationDelegate : Bootstrapping Spring Data JPA repositories in DEFAULT mode.
2023-07-06T21:35:26.898+05:30  INFO 91128 --- [           main] .s.d.r.c.RepositoryConfigurationDelegate : Finished Spring Data repository scanning in 19 ms. Found 0 JPA repository interfaces.
2023-07-06T21:35:27.725+05:30  INFO 91128 --- [           main] com.zaxxer.hikari.HikariDataSource       : HikariPool-1 - Starting...
2023-07-06T21:35:27.896+05:30  INFO 91128 --- [           main] com.zaxxer.hikari.pool.HikariPool        : HikariPool-1 - Added connection conn0: url=jdbc:h2:mem:585fc29c-01ea-40ea-92cb-9532a14025d3 user=SA
2023-07-06T21:35:27.898+05:30  INFO 91128 --- [           main] com.zaxxer.hikari.HikariDataSource       : HikariPool-1 - Start completed.
2023-07-06T21:35:28.048+05:30  INFO 91128 --- [           main] o.hibernate.jpa.internal.util.LogHelper  : HHH000204: Processing PersistenceUnitInfo [name: default]
2023-07-06T21:35:28.189+05:30  INFO 91128 --- [           main] org.hibernate.Version                    : HHH000412: Hibernate ORM core version 6.2.5.Final
2023-07-06T21:35:28.199+05:30  INFO 91128 --- [           main] org.hibernate.cfg.Environment            : HHH000406: Using bytecode reflection optimizer
2023-07-06T21:35:28.346+05:30  INFO 91128 --- [           main] o.h.b.i.BytecodeProviderInitiator        : HHH000021: Bytecode provider name : bytebuddy
2023-07-06T21:35:28.483+05:30  INFO 91128 --- [           main] o.s.o.j.p.SpringPersistenceUnitInfo      : No LoadTimeWeaver setup: ignoring JPA class transformer
2023-07-06T21:35:28.625+05:30  INFO 91128 --- [           main] o.h.b.i.BytecodeProviderInitiator        : HHH000021: Bytecode provider name : bytebuddy
2023-07-06T21:35:28.810+05:30  INFO 91128 --- [           main] o.h.e.t.j.p.i.JtaPlatformInitiator       : HHH000490: Using JtaPlatform implementation: [org.hibernate.engine.transaction.jta.platform.internal.NoJtaPlatform]
2023-07-06T21:35:28.815+05:30  INFO 91128 --- [           main] j.LocalContainerEntityManagerFactoryBean : Initialized JPA EntityManagerFactory for persistence unit 'default'
2023-07-06T21:35:29.111+05:30  WARN 91128 --- [           main] JpaBaseConfiguration$JpaWebConfiguration : spring.jpa.open-in-view is enabled by default. Therefore, database queries may be performed during view rendering. Explicitly configure spring.jpa.open-in-view to disable this warning
2023-07-06T21:35:29.917+05:30  INFO 91128 --- [           main] o.a.k.clients.consumer.ConsumerConfig    : ConsumerConfig values: 
	allow.auto.create.topics = true
	auto.commit.interval.ms = 5000
	auto.include.jmx.reporter = true
	auto.offset.reset = latest
	bootstrap.servers = [localhost :9092]
	check.crcs = true
	client.dns.lookup = use_all_dns_ips
	client.id = consumer-library-events-group-1
	client.rack = 
	connections.max.idle.ms = 540000
	default.api.timeout.ms = 60000
	enable.auto.commit = false
	exclude.internal.topics = true
	fetch.max.bytes = 52428800
	fetch.max.wait.ms = 500
	fetch.min.bytes = 1
	group.id = library-events-group
	group.instance.id = null
	heartbeat.interval.ms = 3000
	interceptor.classes = []
	internal.leave.group.on.close = true
	internal.throw.on.fetch.stable.offset.unsupported = false
	isolation.level = read_uncommitted
	key.deserializer = class org.apache.kafka.common.serialization.IntegerDeserializer
	max.partition.fetch.bytes = 1048576
	max.poll.interval.ms = 300000
	max.poll.records = 500
	metadata.max.age.ms = 300000
	metric.reporters = []
	metrics.num.samples = 2
	metrics.recording.level = INFO
	metrics.sample.window.ms = 30000
	partition.assignment.strategy = [class org.apache.kafka.clients.consumer.RangeAssignor, class org.apache.kafka.clients.consumer.CooperativeStickyAssignor]
	receive.buffer.bytes = 65536
	reconnect.backoff.max.ms = 1000
	reconnect.backoff.ms = 50
	request.timeout.ms = 30000
	retry.backoff.ms = 100
	sasl.client.callback.handler.class = null
	sasl.jaas.config = null
	sasl.kerberos.kinit.cmd = /usr/bin/kinit
	sasl.kerberos.min.time.before.relogin = 60000
	sasl.kerberos.service.name = null
	sasl.kerberos.ticket.renew.jitter = 0.05
	sasl.kerberos.ticket.renew.window.factor = 0.8
	sasl.login.callback.handler.class = null
	sasl.login.class = null
	sasl.login.connect.timeout.ms = null
	sasl.login.read.timeout.ms = null
	sasl.login.refresh.buffer.seconds = 300
	sasl.login.refresh.min.period.seconds = 60
	sasl.login.refresh.window.factor = 0.8
	sasl.login.refresh.window.jitter = 0.05
	sasl.login.retry.backoff.max.ms = 10000
	sasl.login.retry.backoff.ms = 100
	sasl.mechanism = GSSAPI
	sasl.oauthbearer.clock.skew.seconds = 30
	sasl.oauthbearer.expected.audience = null
	sasl.oauthbearer.expected.issuer = null
	sasl.oauthbearer.jwks.endpoint.refresh.ms = 3600000
	sasl.oauthbearer.jwks.endpoint.retry.backoff.max.ms = 10000
	sasl.oauthbearer.jwks.endpoint.retry.backoff.ms = 100
	sasl.oauthbearer.jwks.endpoint.url = null
	sasl.oauthbearer.scope.claim.name = scope
	sasl.oauthbearer.sub.claim.name = sub
	sasl.oauthbearer.token.endpoint.url = null
	security.protocol = PLAINTEXT
	security.providers = null
	send.buffer.bytes = 131072
	session.timeout.ms = 45000
	socket.connection.setup.timeout.max.ms = 30000
	socket.connection.setup.timeout.ms = 10000
	ssl.cipher.suites = null
	ssl.enabled.protocols = [TLSv1.2, TLSv1.3]
	ssl.endpoint.identification.algorithm = https
	ssl.engine.factory.class = null
	ssl.key.password = null
	ssl.keymanager.algorithm = SunX509
	ssl.keystore.certificate.chain = null
	ssl.keystore.key = null
	ssl.keystore.location = null
	ssl.keystore.password = null
	ssl.keystore.type = JKS
	ssl.protocol = TLSv1.3
	ssl.provider = null
	ssl.secure.random.implementation = null
	ssl.trustmanager.algorithm = PKIX
	ssl.truststore.certificates = null
	ssl.truststore.location = null
	ssl.truststore.password = null
	ssl.truststore.type = JKS
	value.deserializer = class org.apache.kafka.common.serialization.StringDeserializer

2023-07-06T21:35:30.088+05:30  INFO 91128 --- [           main] o.a.kafka.common.utils.AppInfoParser     : Kafka version: 3.4.1
2023-07-06T21:35:30.088+05:30  INFO 91128 --- [           main] o.a.kafka.common.utils.AppInfoParser     : Kafka commitId: 8a516edc2755df89
2023-07-06T21:35:30.088+05:30  INFO 91128 --- [           main] o.a.kafka.common.utils.AppInfoParser     : Kafka startTimeMs: 1688659530083
2023-07-06T21:35:30.094+05:30  INFO 91128 --- [           main] o.a.k.clients.consumer.KafkaConsumer     : [Consumer clientId=consumer-library-events-group-1, groupId=library-events-group] Subscribed to topic(s): library-events
2023-07-06T21:35:30.114+05:30  INFO 91128 --- [           main] c.K.Consumer.ConsumerApplicationTests    : Started ConsumerApplicationTests in 4.955 seconds (process running for 6.287)
2023-07-06T21:35:30.520+05:30  INFO 91128 --- [ntainer#0-0-C-1] org.apache.kafka.clients.Metadata        : [Consumer clientId=consumer-library-events-group-1, groupId=library-events-group] Resetting the last seen epoch of partition library-events-0 to 0 since the associated topicId changed from null to 7VY3gqThS2GCVQ61uu_bYw
2023-07-06T21:35:30.522+05:30  INFO 91128 --- [ntainer#0-0-C-1] org.apache.kafka.clients.Metadata        : [Consumer clientId=consumer-library-events-group-1, groupId=library-events-group] Resetting the last seen epoch of partition library-events-1 to 0 since the associated topicId changed from null to 7VY3gqThS2GCVQ61uu_bYw
2023-07-06T21:35:30.522+05:30  INFO 91128 --- [ntainer#0-0-C-1] org.apache.kafka.clients.Metadata        : [Consumer clientId=consumer-library-events-group-1, groupId=library-events-group] Resetting the last seen epoch of partition library-events-2 to 0 since the associated topicId changed from null to 7VY3gqThS2GCVQ61uu_bYw
2023-07-06T21:35:30.524+05:30  INFO 91128 --- [ntainer#0-0-C-1] org.apache.kafka.clients.Metadata        : [Consumer clientId=consumer-library-events-group-1, groupId=library-events-group] Cluster ID: lsuv3lP2T26bVr0-OlyX_A
2023-07-06T21:35:30.525+05:30  INFO 91128 --- [ntainer#0-0-C-1] o.a.k.c.c.internals.ConsumerCoordinator  : [Consumer clientId=consumer-library-events-group-1, groupId=library-events-group] Discovered group coordinator 192.168.43.168:9092 (id: 2147483647 rack: null)
2023-07-06T21:35:30.527+05:30  INFO 91128 --- [ntainer#0-0-C-1] o.a.k.c.c.internals.ConsumerCoordinator  : [Consumer clientId=consumer-library-events-group-1, groupId=library-events-group] (Re-)joining group
2023-07-06T21:35:30.583+05:30  INFO 91128 --- [ntainer#0-0-C-1] o.a.k.c.c.internals.ConsumerCoordinator  : [Consumer clientId=consumer-library-events-group-1, groupId=library-events-group] Request joining group due to: need to re-join with the given member-id: consumer-library-events-group-1-8282c03e-fde9-479a-862b-73571717d992
2023-07-06T21:35:30.588+05:30  INFO 91128 --- [ntainer#0-0-C-1] o.a.k.c.c.internals.ConsumerCoordinator  : [Consumer clientId=consumer-library-events-group-1, groupId=library-events-group] Request joining group due to: rebalance failed due to 'The group member needs to have a valid member id before actually entering a consumer group.' (MemberIdRequiredException)
2023-07-06T21:35:30.589+05:30  INFO 91128 --- [ntainer#0-0-C-1] o.a.k.c.c.internals.ConsumerCoordinator  : [Consumer clientId=consumer-library-events-group-1, groupId=library-events-group] (Re-)joining group
2023-07-06T21:35:30.610+05:30  INFO 91128 --- [ntainer#0-0-C-1] o.a.k.c.c.internals.ConsumerCoordinator  : [Consumer clientId=consumer-library-events-group-1, groupId=library-events-group] Successfully joined group with generation Generation{generationId=3, memberId='consumer-library-events-group-1-8282c03e-fde9-479a-862b-73571717d992', protocol='range'}
2023-07-06T21:35:30.613+05:30  INFO 91128 --- [ntainer#0-0-C-1] o.a.k.c.c.internals.ConsumerCoordinator  : [Consumer clientId=consumer-library-events-group-1, groupId=library-events-group] Finished assignment for group at generation 3: {consumer-library-events-group-1-8282c03e-fde9-479a-862b-73571717d992=Assignment(partitions=[library-events-0, library-events-1, library-events-2])}
2023-07-06T21:35:30.638+05:30  INFO 91128 --- [ntainer#0-0-C-1] o.a.k.c.c.internals.ConsumerCoordinator  : [Consumer clientId=consumer-library-events-group-1, groupId=library-events-group] Successfully synced group in generation Generation{generationId=3, memberId='consumer-library-events-group-1-8282c03e-fde9-479a-862b-73571717d992', protocol='range'}
2023-07-06T21:35:30.642+05:30  INFO 91128 --- [ntainer#0-0-C-1] o.a.k.c.c.internals.ConsumerCoordinator  : [Consumer clientId=consumer-library-events-group-1, groupId=library-events-group] Notifying assignor about the new Assignment(partitions=[library-events-0, library-events-1, library-events-2])
2023-07-06T21:35:30.645+05:30  INFO 91128 --- [ntainer#0-0-C-1] o.a.k.c.c.internals.ConsumerCoordinator  : [Consumer clientId=consumer-library-events-group-1, groupId=library-events-group] Adding newly assigned partitions: library-events-0, library-events-1, library-events-2
2023-07-06T21:35:30.661+05:30  INFO 91128 --- [ntainer#0-0-C-1] o.a.k.c.c.internals.ConsumerCoordinator  : [Consumer clientId=consumer-library-events-group-1, groupId=library-events-group] Setting offset for partition library-events-1 to the committed offset FetchPosition{offset=0, offsetEpoch=Optional.empty, currentLeader=LeaderAndEpoch{leader=Optional[192.168.43.168:9092 (id: 0 rack: null)], epoch=0}}
2023-07-06T21:35:30.665+05:30  INFO 91128 --- [ntainer#0-0-C-1] o.a.k.c.c.internals.ConsumerCoordinator  : [Consumer clientId=consumer-library-events-group-1, groupId=library-events-group] Setting offset for partition library-events-2 to the committed offset FetchPosition{offset=0, offsetEpoch=Optional.empty, currentLeader=LeaderAndEpoch{leader=Optional[192.168.43.168:9092 (id: 0 rack: null)], epoch=0}}
2023-07-06T21:35:30.667+05:30  INFO 91128 --- [ntainer#0-0-C-1] o.a.k.c.c.internals.ConsumerCoordinator  : [Consumer clientId=consumer-library-events-group-1, groupId=library-events-group] Setting offset for partition library-events-0 to the committed offset FetchPosition{offset=2, offsetEpoch=Optional.empty, currentLeader=LeaderAndEpoch{leader=Optional[192.168.43.168:9092 (id: 0 rack: null)], epoch=0}}
2023-07-06T21:35:30.677+05:30  INFO 91128 --- [ntainer#0-0-C-1] o.s.k.l.KafkaMessageListenerContainer    : library-events-group: partitions assigned: [library-events-0, library-events-1, library-events-2]
2023-07-06T21:35:30.740+05:30  INFO 91128 --- [ntainer#0-0-C-1] c.K.C.consumer.LibraryEventConsumer      : consumer record : ConsumerRecord(topic = library-events, partition = 0, leaderEpoch = 0, offset = 2, CreateTime = 1688659311169, serialized key size = 4, serialized value size = 83, headers = RecordHeaders(headers = [], isReadOnly = false), key = 1, value = {"id":1,"libraryEventType":"NEW","book":{"id":"1","author":"alex","name":"Design"}}) 
]]></system-out>
  </testcase>
</testsuite>