<?xml version="1.0" encoding="UTF-8"?>
<testsuite xmlns:xsi="http://www.w3.org/2001/XMLSchema-instance" xsi:noNamespaceSchemaLocation="https://maven.apache.org/surefire/maven-surefire-plugin/xsd/surefire-test-report-3.0.xsd" version="3.0" name="com.kafka.KafkaProducer.KafkaProducerApplicationTests" time="4.144" tests="1" errors="0" skipped="0" failures="0">
  <properties>
[...]
</properties>
  <testcase name="contextLoads" classname="com.kafka.KafkaProducer.KafkaProducerApplicationTests" time="1.089">
    <system-out><![CDATA[18:13:15.066 [main] INFO org.springframework.test.context.support.AnnotationConfigContextLoaderUtils -- Could not detect default configuration classes for test class [com.kafka.KafkaProducer.KafkaProducerApplicationTests]: KafkaProducerApplicationTests does not declare any static, non-private, non-final, nested classes annotated with @Configuration.
18:13:15.220 [main] INFO org.springframework.boot.test.context.SpringBootTestContextBootstrapper -- Found @SpringBootConfiguration com.kafka.KafkaProducer.KafkaProducerApplication for test class com.kafka.KafkaProducer.KafkaProducerApplicationTests

  .   ____          _            __ _ _
 /\\ / ___'_ __ _ _(_)_ __  __ _ \ \ \ \
( ( )\___ | '_ | '_| | '_ \/ _` | \ \ \ \
 \\/  ___)| |_)| | | | | || (_| |  ) ) ) )
  '  |____| .__|_| |_|_| |_\__, | / / / /
 =========|_|==============|___/=/_/_/_/
 :: Spring Boot ::                (v3.1.1)

2023-07-02T18:13:15.796+05:30  INFO 21433 --- [           main] c.k.K.KafkaProducerApplicationTests      : Starting KafkaProducerApplicationTests using Java 17.0.3 with PID 21433 (started by venkata.attala in /Users/venkata.attala/Downloads/KafkaProducer)
2023-07-02T18:13:15.798+05:30  INFO 21433 --- [           main] c.k.K.KafkaProducerApplicationTests      : No active profile set, falling back to 1 default profile: "default"
2023-07-02T18:13:17.955+05:30  INFO 21433 --- [           main] c.k.K.KafkaProducerApplicationTests      : Started KafkaProducerApplicationTests in 2.568 seconds (process running for 3.952)
]]></system-out>
  </testcase>
</testsuite>